"../../../../../Learning/CrystalCavern/Content/StarterContent/Audio/Explosion01.uasset" 0
"../../../../../Learning/CrystalCavern/Content/StarterContent/Audio/Explosion02.uasset" 1
"../../../Engine/Content/Functions/Engine_MaterialFunctions01/Opacity/CameraDepthFade.uasset" 2
"../../../Engine/Content/EngineMaterials/T_Default_Material_Grid_M.uasset" 3
"../../../Engine/Content/EngineMaterials/T_Default_Material_Grid_N.uasset" 4
"../../../Engine/Content/EngineMaterials/WorldGridMaterial.uasset" 5
"../../../Engine/Content/ArtTools/RenderToTexture/Meshes/S_1_Unit_Plane.uasset" 6
"../../../Engine/Content/EngineMaterials/DefaultMaterial.uasset" 7
"../../../Engine/Content/BasicShapes/Cone.uasset" 8
"../../../Engine/Content/BasicShapes/Cylinder.uasset" 9
"../../../Engine/Content/BasicShapes/Plane.uasset" 10
"../../../Engine/Content/EditorLandscapeResources/DataLayer.uasset" 11
"../../../Engine/Content/EditorMaterials/GizmoMaterial.uasset" 12
"../../../Engine/Content/EditorMaterials/MAT_Groups_Toggle.uasset" 13
"../../../Engine/Content/EditorMaterials/MAT_Groups_Visibility.uasset" 14
"../../../Engine/Content/EditorMaterials/PreviewShadowIndicator.uasset" 15
"../../../Engine/Content/EditorMaterials/PreviewShadowIndicatorMaterial.uasset" 16
"../../../Engine/Content/EditorMaterials/MatineeGroups/MAT_ColorTrack.uasset" 17
"../../../Engine/Content/EditorMaterials/MatineeGroups/MAT_Groups_Anim.uasset" 18
"../../../Engine/Content/EditorMaterials/MatineeGroups/MAT_Groups_AudioMaster.uasset" 19
"../../../Engine/Content/EditorMaterials/MatineeGroups/MAT_Groups_Director.uasset" 20
"../../../Engine/Content/EditorMaterials/MatineeGroups/MAT_Groups_Event.uasset" 21
"../../../Engine/Content/EditorMaterials/MatineeGroups/MAT_Groups_Fade.uasset" 22
"../../../Engine/Content/EditorMaterials/MatineeGroups/MAT_Groups_Float.uasset" 23
"../../../Engine/Content/EditorMaterials/MatineeGroups/MAT_Groups_Move.uasset" 24
"../../../Engine/Content/EditorMaterials/MatineeGroups/MAT_Groups_Slomo.uasset" 25
"../../../Engine/Content/EditorMaterials/MatineeGroups/MAT_Groups_Sound.uasset" 26
"../../../Engine/Content/EditorMaterials/MatineeGroups/MAT_Groups_Vector.uasset" 27
"../../../Engine/Content/EditorMaterials/ParticleSystems/PSysThumbnail_NoImage.uasset" 28
"../../../Engine/Content/EditorMaterials/ParticleSystems/PSysThumbnail_OOD.uasset" 29
"../../../Engine/Content/EditorMaterials/Camera/CineMat.uasset" 30
"../../../Engine/Content/EditorMaterials/Camera/MI_CineMat_Rig.uasset" 31
"../../../Engine/Content/EditorMeshes/Camera/SM_CraneRig_Arm.uasset" 32
"../../../Engine/Content/EditorMeshes/Camera/SM_CraneRig_Base.uasset" 33
"../../../Engine/Content/EditorMeshes/Camera/SM_CraneRig_Body.uasset" 34
"../../../Engine/Content/EditorMeshes/Camera/SM_CraneRig_Mount.uasset" 35
"../../../Engine/Content/EditorMeshes/Camera/SM_RailRig_Mount.uasset" 36
"../../../Engine/Content/EditorMeshes/Camera/SM_RailRig_Track.uasset" 37
"../../../Engine/Content/EditorResources/BSPVertex.uasset" 38
"../../../Engine/Content/EditorResources/EmptyActor.uasset" 39
"../../../Engine/Content/EditorResources/S_Actor.uasset" 40
"../../../Engine/Content/EditorResources/S_Trigger.uasset" 41
"../../../Engine/Content/EditorResources/LightIcons/S_LightError.uasset" 42
"../../../Engine/Content/EditorResources/SequenceRecorder/Countdown.uasset" 43
"../../../Engine/Content/EditorResources/SequenceRecorder/RecordingIndicator.uasset" 44
"../../../Engine/Content/EditorSounds/Notifications/CompileFailed.uasset" 45
"../../../Engine/Content/EditorSounds/Notifications/CompileFailed_Cue.uasset" 46
"../../../Engine/Content/EditorSounds/Notifications/CompileSuccess.uasset" 47
"../../../Engine/Content/EditorSounds/Notifications/CompileStart_Cue.uasset" 48
"../../../Engine/Content/EditorSounds/Notifications/CompileSuccess_Cue.uasset" 49
"../../../Engine/Content/EngineDamageTypes/DmgTypeBP_Environmental.uasset" 50
"../../../Engine/Content/EngineDebugMaterials/HeatmapGradient.uasset" 51
"../../../Engine/Content/EngineDebugMaterials/BoneWeightMaterial.uasset" 52
"../../../Engine/Content/EngineDebugMaterials/ClothMaterial.uasset" 53
"../../../Engine/Content/EngineDebugMaterials/ClothMaterial_WF.uasset" 54
"../../../Engine/Content/EngineDebugMaterials/DebugEditorMaterial.uasset" 55
"../../../Engine/Content/EngineDebugMaterials/DebugMeshMaterial.uasset" 56
"../../../Engine/Content/EngineDebugMaterials/GeomMaterial.uasset" 57
"../../../Engine/Content/EngineDebugMaterials/M_SimpleTranslucent.uasset" 58
"../../../Engine/Content/EngineFonts/Faces/RobotoBold.uasset" 59
"../../../Engine/Content/EngineFonts/Faces/RobotoBoldItalic.uasset" 60
"../../../Engine/Content/EngineFonts/Faces/RobotoItalic.uasset" 61
"../../../Engine/Content/EngineFonts/Faces/RobotoLight.uasset" 62
"../../../Engine/Content/EngineFonts/Faces/RobotoRegular.uasset" 63
"../../../Engine/Content/EngineFonts/Roboto.uasset" 64
"../../../Engine/Content/EngineFonts/Faces/RobotoTiny.uasset" 65
"../../../Engine/Content/EngineFonts/RobotoTiny.uasset" 66
"../../../Engine/Content/EngineMaterials/BaseFlattenDiffuseMap.uasset" 67
"../../../Engine/Content/EngineMaterials/BaseFlattenEmissiveMap.uasset" 68
"../../../Engine/Content/EngineMaterials/BaseFlattenGrayscaleMap.uasset" 69
"../../../Engine/Content/EngineMaterials/BaseFlattenNormalMap.uasset" 70
"../../../Engine/Content/EngineMaterials/BaseFlattenMaterial.uasset" 71
"../../../Engine/Content/EngineMaterials/DefaultBloomKernel.uasset" 72
"../../../Engine/Content/EngineMaterials/DefaultBokeh.uasset" 73
"../../../Engine/Content/EngineMaterials/DefaultDiffuse.uasset" 74
"../../../Engine/Content/EngineMaterials/DefaultDeferredDecalMaterial.uasset" 75
"../../../Engine/Content/EngineMaterials/DefaultLightFunctionMaterial.uasset" 76
"../../../Engine/Content/EngineMaterials/DefaultPhysicalMaterial.uasset" 77
"../../../Engine/Content/Functions/Engine_MaterialFunctions02/Utility/BreakOutFloat2Components.uasset" 78
"../../../Engine/Content/EngineMaterials/DefaultPostProcessMaterial.uasset" 79
"../../../Engine/Content/EngineFonts/RobotoDistanceField.uasset" 80
"../../../Engine/Content/EngineMaterials/DefaultTextMaterialOpaque.uasset" 81
"../../../Engine/Content/EngineMaterials/DefaultWhiteGrid.uasset" 82
"../../../Engine/Content/EngineMaterials/EditorBrushMaterial.uasset" 83
"../../../Engine/Content/EngineMaterials/Good64x64TilingNoiseHighFreq.uasset" 84
"../../../Engine/Content/EngineMaterials/MiniFont.uasset" 85
"../../../Engine/Content/EngineMaterials/InvalidLightmapSettings.uasset" 86
"../../../Engine/Content/EngineMaterials/M_InvalidLightmapSettings.uasset" 87
"../../../Engine/Content/Functions/Engine_MaterialFunctions02/WorldPositionOffset/CameraOffset.uasset" 88
"../../../Engine/Content/EngineMaterials/PhAT_JointLimitMaterial.uasset" 89
"../../../Engine/Content/EngineMaterials/PreintegratedSkinBRDF.uasset" 90
"../../../Engine/Content/EngineMaterials/RemoveSurfaceMaterial.uasset" 91
"../../../Engine/Content/EngineMaterials/WeightMapPlaceholderTexture.uasset" 92
"../../../Engine/Content/EngineResources/WhiteSquareTexture.uasset" 93
"../../../Engine/Content/EngineMaterials/Widget3DPassThrough.uasset" 94
"../../../Engine/Content/EngineMaterials/Widget3DPassThrough_Masked.uasset" 95
"../../../Engine/Content/EngineMaterials/Widget3DPassThrough_Opaque.uasset" 96
"../../../Engine/Content/EngineMaterials/Widget3DPassThrough_Masked_OneSided.uasset" 97
"../../../Engine/Content/EngineMaterials/Widget3DPassThrough_Opaque_OneSided.uasset" 98
"../../../Engine/Content/EngineMaterials/Widget3DPassThrough_Translucent.uasset" 99
"../../../Engine/Content/EngineMaterials/Widget3DPassThrough_Translucent_OneSided.uasset" 100
"../../../Engine/Content/EngineMeshes/Cylinder.uasset" 101
"../../../Engine/Content/EngineMeshes/Sphere.uasset" 102
"../../../Engine/Content/EngineResources/Black.uasset" 103
"../../../Engine/Content/EngineResources/DefaultTextureCube.uasset" 104
"../../../Engine/Content/EngineResources/DefaultVolumeTexture2D.uasset" 105
"../../../Engine/Content/EngineResources/DefaultVolumeTexture.uasset" 106
"../../../Engine/Content/EngineResources/GradientTexture0.uasset" 107
"../../../Engine/Content/EngineSounds/Master.uasset" 108
"../../../Engine/Content/Functions/Engine_MaterialFunctions01/Shading/ConvertFromDiffSpec.uasset" 109
"../../../Engine/Content/Functions/Engine_MaterialFunctions01/Shading/PowerToRoughness.uasset" 110
"../../../Engine/Content/Maps/Templates/Thumbnails/Default.uasset" 111
"../../../Engine/Content/Maps/Templates/Thumbnails/VR-Basic.uasset" 112
"../../../Engine/Content/MobileResources/T_MobileControls_texture.uasset" 113
"../../../Engine/Content/MobileResources/T_MobileMenu2.uasset" 114
"../../../Engine/Content/MobileResources/HUD/AnalogHat.uasset" 115
"../../../Engine/Content/MobileResources/HUD/VirtualJoystick_Background.uasset" 116
"../../../Engine/Content/MobileResources/HUD/VirtualJoystick_Thumb.uasset" 117
"../../../Engine/Content/MobileResources/HUD/DefaultVirtualJoysticks.uasset" 118
"../../../Engine/Content/MobileResources/HUD/LeftVirtualJoystickOnly.uasset" 119
"../../../Engine/Content/MobileResources/HUD/MobileHUDButton1_off.uasset" 120
"../../../Engine/Content/MobileResources/HUD/MobileHUDButton1_on.uasset" 121
"../../../Engine/Content/MobileResources/HUD/MobileHUDButton2_off.uasset" 122
"../../../Engine/Content/MobileResources/HUD/MobileHUDButton2_on.uasset" 123
"../../../Engine/Content/MobileResources/HUD/MobileHUDButton3.uasset" 124
"../../../Engine/Content/MobileResources/HUD/MobileHUDButtonFire.uasset" 125
"../../../Engine/Content/MobileResources/HUD/MobileHUDDirectionPad.uasset" 126
"../../../Engine/Content/MobileResources/HUD/MobileHUDDirectionPad2.uasset" 127
"../../../Engine/Content/MobileResources/HUD/MobileHUDDirectionPad3.uasset" 128
"../../../Engine/Content/MobileResources/HUD/MobileHUDDirectionStick.uasset" 129
"../../../Engine/Content/MobileResources/HUD/T_Castle_ThumbstickInner.uasset" 130
"../../../Engine/Content/MobileResources/HUD/T_Castle_ThumbstickOutter.uasset" 131
"../../../Engine/Content/Tutorial/ContentIntroCurve.uasset" 132
"../../../Engine/Content/Tutorial/Basics/TutorialAssets/icon_tab_Levels_40x.uasset" 133
"../../../Engine/Content/VREditor/LaserPointer/VR_LaserPower_01.uasset" 134
"../../../Engine/Content/VREditor/TransformGizmo/TransformGizmoMaterial.uasset" 135
"../../../Engine/Content/VREditor/TransformGizmo/TranslucentTransformGizmoMaterial.uasset" 136
"../../../Engine/Content/VREditor/TransformGizmo/BoundingBoxCorner.uasset" 137
"../../../Engine/Content/VREditor/TransformGizmo/BoundingBoxEdge.uasset" 138
"../../../Engine/Content/VREditor/TransformGizmo/PlaneTranslationHandle.uasset" 139
"../../../Engine/Content/VREditor/TransformGizmo/Main.uasset" 140
"../../../Engine/Content/VREditor/TransformGizmo/Xray.uasset" 141
"../../../Engine/Content/VREditor/TransformGizmo/SM_Sequencer_Key.uasset" 142
"../../../Engine/Content/VREditor/TransformGizmo/SM_Sequencer_Node.uasset" 143
"../../Plugins/2D/Paper2D/Content/PlaceholderTextures/DummySpriteTexture.uasset" 144
"../../Plugins/2D/Paper2D/Content/DummySprite.uasset" 145
"../../Plugins/2D/Paper2D/Content/DefaultPaperTerrainMaterial.uasset" 146
"../../Plugins/2D/Paper2D/Content/DefaultSpriteMaterial.uasset" 147
"../../Plugins/2D/Paper2D/Content/MaskedUnlitSpriteMaterial.uasset" 148
"../../Plugins/2D/Paper2D/Content/OpaqueUnlitSpriteMaterial.uasset" 149
"../../Plugins/Runtime/Oculus/OculusVR/Content/Materials/PokeAHoleMaterial.uasset" 150
"../../Plugins/Runtime/Oculus/OculusVR/Content/Textures/GearVRController_AO.uasset" 151
"../../Plugins/Runtime/Oculus/OculusVR/Content/Textures/GearVRController_Color.uasset" 152
"../../Plugins/Runtime/Oculus/OculusVR/Content/Textures/GearVRController_Normal.uasset" 153
"../../Plugins/Runtime/Oculus/OculusVR/Content/Materials/GearVRControllerMaterial.uasset" 154
"../../Plugins/Runtime/Oculus/OculusVR/Content/Meshes/GearVrController.uasset" 155
"../../Plugins/Runtime/Oculus/OculusVR/Content/Textures/touchController_albedo.uasset" 156
"../../Plugins/Runtime/Oculus/OculusVR/Content/Textures/touchController_controlmap.uasset" 157
"../../Plugins/Runtime/Oculus/OculusVR/Content/Materials/touchController_mat.uasset" 158
"../../Plugins/Runtime/Oculus/OculusVR/Content/Meshes/LeftTouchController.uasset" 159
"../../Plugins/Runtime/Oculus/OculusVR/Content/Meshes/RiftHMD.uasset" 160
"../../Plugins/Runtime/Oculus/OculusVR/Content/Meshes/RightTouchController.uasset" 161
"../../../Engine/Content/Functions/Engine_MaterialFunctions01/Gradient/LinearGradient.uasset" 162
"../../../Engine/Content/Functions/Engine_MaterialFunctions03/Texturing/TwoSidedTexturing.uasset" 163
"../../../Engine/Content/EngineResources/DefaultTexture.uasset" 164
"../../../../../Learning/CrystalCavern/Content/FXVarietyPack/Textures/T_ky_maskRGB3.uasset" 165
"../../../../../Learning/CrystalCavern/Content/FXVarietyPack/Materials/Mfunction/MF_ky_AddHilight.uasset" 166
"../../../../../Learning/CrystalCavern/Content/FXVarietyPack/Materials/Mfunction/MF_ky_MaskToTopUnder.uasset" 167
"../../../../../Learning/CrystalCavern/Content/FXVarietyPack/Textures/T_ky_noise5.uasset" 168
"../../../../../Learning/CrystalCavern/Content/FXVarietyPack/Materials/Mfunction/MF_ky_TexController.uasset" 169
"../../../../../Learning/CrystalCavern/Content/FXVarietyPack/Materials/Mfunction/MF_ky_TexController_primitive.uasset" 170
"../../../../../Learning/CrystalCavern/Content/FXVarietyPack/Textures/T_ky_noise17.uasset" 171
"../../../../../Learning/CrystalCavern/Content/FXVarietyPack/Materials/M_ky_storm01.uasset" 172
"../../../../../Learning/CrystalCavern/Content/FXVarietyPack/Materials/MI_ky_storm01_fire_nonD1.uasset" 173
"../../../Engine/Content/BasicShapes/Sphere.uasset" 174
"../../../../../Learning/CrystalCavern/Content/Audio/AtenouationFire.uasset" 175
"../../../Engine/Content/Functions/Engine_MaterialFunctions01/Density/ExponentialDensity.uasset" 176
"../../../Engine/Content/Functions/Engine_MaterialFunctions01/Gradient/RadialGradientExponential.uasset" 177
"../../../../../Learning/CrystalCavern/Content/FXVarietyPack/Textures/T_ky_noise6.uasset" 178
"../../../../../Learning/CrystalCavern/Content/FXVarietyPack/Textures/T_ky_smoke1.uasset" 179
"../../../../../Learning/CrystalCavern/Content/FXVarietyPack/Materials/M_ky_smoke01.uasset" 180
"../../../../../Learning/CrystalCavern/Content/FXVarietyPack/Textures/T_ky_flare_a.uasset" 181
"../../../../../Learning/CrystalCavern/Content/FXVarietyPack/Materials/M_ky_flare_flash.uasset" 182
"../../../../../Learning/CrystalCavern/Content/FXVarietyPack/Materials/MI_ky_flare_flash_trs.uasset" 183
"../../../../../Learning/CrystalCavern/Content/FXVarietyPack/Particles/P_ky_fireBall.uasset" 184
"../../../../../Learning/CrystalCavern/Content/StarterContent/Audio/Fire01.uasset" 185
"../../../../../Learning/CrystalCavern/Content/StarterContent/Audio/Fire01_Cue.uasset" 186
"../../../../../Learning/CrystalCavern/Content/BluePrints/Actors/Projectiles/BP_Projectile.uasset" 187
"../../../../../Learning/CrystalCavern/Content/StarterContent/Textures/T_MacroVariation.uasset" 188
"../../../../../Learning/CrystalCavern/Content/StarterContent/Materials/M_Metal_Chrome.uasset" 189
"../../../../../Learning/CrystalCavern/Content/Meshes/Cannon/Cannon.uasset" 190
"../../../../../Learning/CrystalCavern/Content/StarterContent/Textures/T_Metal_Aluminum_D.uasset" 191
"../../../../../Learning/CrystalCavern/Content/StarterContent/Textures/T_Metal_Gold_N.uasset" 192
"../../../../../Learning/CrystalCavern/Content/StarterContent/Materials/M_Metal_Burnished_Steel.uasset" 193
"../../../../../Learning/CrystalCavern/Content/Meshes/Cannon/Cannon_Base.uasset" 194
"../../../../../Learning/CrystalCavern/Content/BluePrints/Actors/Projectiles/BP_Cannon.uasset" 195
"../../../../../Learning/CrystalCavern/Content/BluePrints/Actors/Projectiles/BP_ProjectileSlow.uasset" 196
"../../../../../Learning/CrystalCavern/Content/BluePrints/Actors/Projectiles/BP_CannonSlow.uasset" 197
"../../../Engine/Content/EditorBlueprintResources/StandardMacros.uasset" 198
"../../../../../Learning/CrystalCavern/Content/FXVarietyPack/Materials/Mfunction/MF_ky_VectorToRadialValue.uasset" 199
"../../../../../Learning/CrystalCavern/Content/FXVarietyPack/Textures/T_ky_decoLines.uasset" 200
"../../../../../Learning/CrystalCavern/Content/FXVarietyPack/Textures/T_ky_decoLinesB.uasset" 201
"../../../../../Learning/CrystalCavern/Content/FXVarietyPack/Materials/M_ky_polar.uasset" 202
"../../../../../Learning/CrystalCavern/Content/FXVarietyPack/Materials/MI_ky_polar_two.uasset" 203
"../../../Engine/Content/Functions/Engine_MaterialFunctions02/Fresnel_Function.uasset" 204
"../../../../../Learning/CrystalCavern/Content/FXVarietyPack/Materials/M_ky_primitive.uasset" 205
"../../../../../Learning/CrystalCavern/Content/FXVarietyPack/Materials/MI_ky_primitive2b_trs.uasset" 206
"../../../../../Learning/CrystalCavern/Content/FXVarietyPack/Materials/M_ky_primitive_dyn2.uasset" 207
"../../../../../Learning/CrystalCavern/Content/FXVarietyPack/Materials/MI_ky_primitive_dynB_two.uasset" 208
"../../../../../Learning/CrystalCavern/Content/FXVarietyPack/Textures/T_ky_dist_noise.uasset" 209
"../../../../../Learning/CrystalCavern/Content/FXVarietyPack/Textures/T_ky_smoke_kai.uasset" 210
"../../../../../Learning/CrystalCavern/Content/FXVarietyPack/Materials/M_ky_base_turbulence.uasset" 211
"../../../../../Learning/CrystalCavern/Content/FXVarietyPack/Materials/MI_ky_turbulence_smoke2d_trs.uasset" 212
"../../../../../Learning/CrystalCavern/Content/FXVarietyPack/Meshes/SM_ky_quad_centerRot.uasset" 213
"../../../../../Learning/CrystalCavern/Content/FXVarietyPack/Particles/P_ky_explosion.uasset" 214
"../../../../../Learning/CrystalCavern/Content/StarterContent/Audio/Explosion_Cue.uasset" 215
"../../../../../Learning/CrystalCavern/Content/StarterContent/Blueprints/Blueprint_Effect_Explosion.uasset" 216
"../../../../../Learning/CrystalCavern/Content/Image/Ice/others_0002_ao_4k.uasset" 217
"../../../../../Learning/CrystalCavern/Content/Image/Ice/others_0002_base_color_4k.uasset" 218
"../../../../../Learning/CrystalCavern/Content/Image/Ice/others_0002_displacement_4k.uasset" 219
"../../../../../Learning/CrystalCavern/Content/Image/Ice/others_0002_normal_4k.uasset" 220
"../../../../../Learning/CrystalCavern/Content/Image/Ice/others_0002_roughness_4k.uasset" 221
"../../../../../Learning/CrystalCavern/Content/Image/Ice_Mat.uasset" 222
"../../../../../Learning/CrystalCavern/Content/BluePrints/BP_PlayerPawn.uasset" 223
"../../../../../Learning/CrystalCavern/Content/BluePrints/BP_GameMode.uasset" 224
"../../../../../Learning/CrystalCavern/Content/Fonts/NightscaryFreeTrial-d9MXg.uasset" 225
"../../../../../Learning/CrystalCavern/Content/Fonts/NightscaryFreeTrial-d9MXg_Font.uasset" 226
"../../../../../Learning/CrystalCavern/Content/Image/cave_drawing_3.uasset" 227
"../../../../../Learning/CrystalCavern/Content/Image/credit.uasset" 228
"../../../../../Learning/CrystalCavern/Content/Image/gamelogo.uasset" 229
"../../../../../Learning/CrystalCavern/Content/BluePrints/UI_EndScreen.uasset" 230
"../../../../../Learning/CrystalCavern/Content/BluePrints/library/CC_MacroLibrary.uasset" 231
"../../../../../Learning/CrystalCavern/Content/BluePrints/UI_Score.uasset" 232
"../../../../../Learning/CrystalCavern/Content/Audio/Crystal.uasset" 233
"../../../../../Learning/CrystalCavern/Content/StarterContent/Materials/M_Basic_Wall.uasset" 234
"../../../../../Learning/CrystalCavern/Content/StarterContent/Shapes/Shape_QuadPyramid.uasset" 235
"../../../../../Learning/CrystalCavern/Content/BluePrints/Actors/Collectables/BP_Crystal.uasset" 236
"../../../../../Learning/CrystalCavern/Content/BluePrints/Actors/Volumes/BP_DamageVolume.uasset" 237
"../../../../../Learning/CrystalCavern/Content/Maps/level1_BuiltData.uasset" 238
"../../../../../Learning/CrystalCavern/Content/Image/bluearrow.uasset" 239
"../../../../../Learning/CrystalCavern/Content/Image/bluearrow_Mat.uasset" 240
"../../../../../Learning/CrystalCavern/Content/Image/cave_drawing_3_Mat.uasset" 241
"../../../../../Learning/CrystalCavern/Content/Image/cavedrawin7.uasset" 242
"../../../../../Learning/CrystalCavern/Content/Image/cavedrawin7_Mat.uasset" 243
"../../../../../Learning/CrystalCavern/Content/Image/cavedrawing1.uasset" 244
"../../../../../Learning/CrystalCavern/Content/Image/cavedrawing1_Mat.uasset" 245
"../../../../../Learning/CrystalCavern/Content/Image/cavedrawing2.uasset" 246
"../../../../../Learning/CrystalCavern/Content/Image/cavedrawing2_Mat.uasset" 247
"../../../../../Learning/CrystalCavern/Content/Image/cavedrawing4.uasset" 248
"../../../../../Learning/CrystalCavern/Content/Image/cavedrawing4_Mat.uasset" 249
"../../../../../Learning/CrystalCavern/Content/Image/cavedrawing5.uasset" 250
"../../../../../Learning/CrystalCavern/Content/Image/cavedrawing5_Mat.uasset" 251
"../../../../../Learning/CrystalCavern/Content/Image/cavedrawing6.uasset" 252
"../../../../../Learning/CrystalCavern/Content/Image/cavedrawing6_Mat.uasset" 253
"../../../../../Learning/CrystalCavern/Content/Image/cavedrawing8.uasset" 254
"../../../../../Learning/CrystalCavern/Content/Image/cavedrawing8_Mat.uasset" 255
"../../../../../Learning/CrystalCavern/Content/Image/end.uasset" 256
"../../../../../Learning/CrystalCavern/Content/Image/end_Mat.uasset" 257
"../../../../../Learning/CrystalCavern/Content/Image/instructions.uasset" 258
"../../../../../Learning/CrystalCavern/Content/Image/instructions_Mat.uasset" 259
"../../../../../Learning/CrystalCavern/Content/StarterContent/Textures/T_Perlin_Noise_M.uasset" 260
"../../../../../Learning/CrystalCavern/Content/StarterContent/Textures/T_Rock_Basalt_D.uasset" 261
"../../../../../Learning/CrystalCavern/Content/StarterContent/Textures/T_Rock_Basalt_N.uasset" 262
"../../../../../Learning/CrystalCavern/Content/StarterContent/Materials/M_Rock_Basalt.uasset" 263
"../../../../../Learning/CrystalCavern/Content/StarterContent/Textures/T_Wood_Oak_D.uasset" 264
"../../../../../Learning/CrystalCavern/Content/StarterContent/Textures/T_Wood_Oak_N.uasset" 265
"../../../../../Learning/CrystalCavern/Content/StarterContent/Materials/M_Wood_Oak.uasset" 266
"../../../Engine/Content/BasicShapes/Cube.uasset" 267
"../../../../../Learning/CrystalCavern/Content/StarterContent/HDRI/HDRI_Epic_Courtyard_Daylight.uasset" 268
"../../../../../Learning/CrystalCavern/Content/Maps/level1.umap" 269
"../../../Engine/Content/Maps/Entry_BuiltData.uasset" 270
"../../../Engine/Content/Maps/Entry.umap" 271
